This file contains any messages produced by compilers while
running configure, to aid debugging if configure makes a mistake.

It was created by fdk-aac configure 2.0.2, which was
generated by GNU Autoconf 2.69.  Invocation command line was

  $ /Users/sandslee/Developer/iOSAudioVideoLearn/FFmpeg-iOS编译笔记/fdk-aac-build-script-for-iOS/fdk-aac-2.0.2/configure --enable-static --with-pic=yes --disable-shared --host=aarch64-apple-darwin CC=xcrun -sdk iphoneos clang -Wno-error=unused-command-line-argument-hard-error-in-future CXX=xcrun -sdk iphoneos clang -Wno-error=unused-command-line-argument-hard-error-in-future CPP=xcrun -sdk iphoneos clang -Wno-error=unused-command-line-argument-hard-error-in-future -E AS=/Users/sandslee/Developer/iOSAudioVideoLearn/FFmpeg-iOS编译笔记/fdk-aac-build-script-for-iOS/fdk-aac-2.0.2/extras/gas-preprocessor.pl xcrun -sdk iphoneos clang -Wno-error=unused-command-line-argument-hard-error-in-future CFLAGS=-arch arm64 -fembed-bitcode LDFLAGS=-arch arm64 -fembed-bitcode CPPFLAGS=-arch arm64 -fembed-bitcode --prefix=/Users/sandslee/Developer/iOSAudioVideoLearn/FFmpeg-iOS编译笔记/fdk-aac-build-script-for-iOS/thin/arm64

## --------- ##
## Platform. ##
## --------- ##

hostname = lishuzhideMacBook-Pro.local
uname -m = x86_64
uname -r = 20.4.0
uname -s = Darwin
uname -v = Darwin Kernel Version 20.4.0: Fri Mar  5 01:14:14 PST 2021; root:xnu-7195.101.1~3/RELEASE_X86_64

/usr/bin/uname -p = i386
/bin/uname -X     = unknown

/bin/arch              = unknown
/usr/bin/arch -k       = unknown
/usr/convex/getsysinfo = unknown
/usr/bin/hostinfo      = Mach kernel version:
	 Darwin Kernel Version 20.4.0: Fri Mar  5 01:14:14 PST 2021; root:xnu-7195.101.1~3/RELEASE_X86_64
Kernel configured for up to 16 processors.
8 processors are physically available.
16 processors are logically available.
Processor type: x86_64h (Intel x86-64h Haswell)
Processors active: 0 1 2 3 4 5 6 7 8 9 10 11 12 13 14 15
Primary memory available: 16.00 gigabytes
Default processor set: 601 tasks, 2644 threads, 16 processors
Load average: 1.00, Mach factor: 14.99
/bin/machine           = unknown
/usr/bin/oslevel       = unknown
/bin/universe          = unknown

PATH: /Users/sandslee/Developer/flutter/bin
PATH: /Users/sandslee/iOSer/XiaoYing/XYEnvironment/bin/
PATH: /Users/sandslee/theos/bin/
PATH: /usr/local/bin
PATH: /usr/bin
PATH: /bin
PATH: /usr/sbin
PATH: /sbin
PATH: /Applications/VMware Fusion.app/Contents/Public
PATH: /Library/Apple/usr/bin


## ----------- ##
## Core tests. ##
## ----------- ##

configure:2321: checking for a BSD-compatible install
configure:2389: result: /usr/bin/install -c
configure:2400: checking whether build environment is sane
configure:2455: result: yes
configure:2514: checking for aarch64-apple-darwin-strip
configure:2544: result: no
configure:2554: checking for strip
configure:2570: found /usr/bin/strip
configure:2581: result: strip
configure:2606: checking for a thread-safe mkdir -p
configure:2645: result: /Users/sandslee/Developer/iOSAudioVideoLearn/FFmpeg-iOS编译笔记/fdk-aac-build-script-for-iOS/fdk-aac-2.0.2/./install-sh -c -d
configure:2652: checking for gawk
configure:2682: result: no
configure:2652: checking for mawk
configure:2682: result: no
configure:2652: checking for nawk
configure:2682: result: no
configure:2652: checking for awk
configure:2668: found /usr/bin/awk
configure:2679: result: awk
configure:2690: checking whether make sets $(MAKE)
configure:2712: result: yes
configure:2741: checking whether make supports nested variables
configure:2758: result: yes
configure:2847: checking whether UID '502' is supported by ustar format
configure:2850: result: yes
configure:2857: checking whether GID '20' is supported by ustar format
configure:2860: result: yes
configure:2868: checking how to create a ustar tar archive
configure:2879: tar --version
bsdtar 3.3.2 - libarchive 3.3.2 zlib/1.2.11 liblzma/5.0.5 bz2lib/1.0.6
configure:2882: $? = 0
configure:2922: tardir=conftest.dir && eval tar --format=ustar -chf - "$tardir" >conftest.tar
configure:2925: $? = 0
configure:2929: tar -xf - <conftest.tar
configure:2932: $? = 0
configure:2934: cat conftest.dir/file
GrepMe
configure:2937: $? = 0
configure:2950: result: gnutar
configure:3011: checking whether make supports nested variables
configure:3028: result: yes
configure:3065: checking for aarch64-apple-darwin-gcc
configure:3092: result: xcrun -sdk iphoneos clang -Wno-error=unused-command-line-argument-hard-error-in-future
configure:3361: checking for C compiler version
configure:3370: xcrun -sdk iphoneos clang -Wno-error=unused-command-line-argument-hard-error-in-future --version >&5
Apple clang version 12.0.5 (clang-1205.0.22.9)
Target: x86_64-apple-darwin20.4.0
Thread model: posix
InstalledDir: /Applications/Xcode.app/Contents/Developer/Toolchains/XcodeDefault.xctoolchain/usr/bin
configure:3381: $? = 0
configure:3370: xcrun -sdk iphoneos clang -Wno-error=unused-command-line-argument-hard-error-in-future -v >&5
Apple clang version 12.0.5 (clang-1205.0.22.9)
Target: x86_64-apple-darwin20.4.0
Thread model: posix
InstalledDir: /Applications/Xcode.app/Contents/Developer/Toolchains/XcodeDefault.xctoolchain/usr/bin
clang: warning: argument unused during compilation: '-Wno-error=unused-command-line-argument-hard-error-in-future' [-Wunused-command-line-argument]
configure:3381: $? = 0
configure:3370: xcrun -sdk iphoneos clang -Wno-error=unused-command-line-argument-hard-error-in-future -V >&5
clang: error: argument to '-V' is missing (expected 1 value)
clang: error: no input files
configure:3381: $? = 1
configure:3370: xcrun -sdk iphoneos clang -Wno-error=unused-command-line-argument-hard-error-in-future -qversion >&5
clang: error: unknown argument '-qversion'; did you mean '--version'?
clang: error: no input files
configure:3381: $? = 1
configure:3401: checking whether the C compiler works
configure:3423: xcrun -sdk iphoneos clang -Wno-error=unused-command-line-argument-hard-error-in-future -arch arm64 -fembed-bitcode -arch arm64 -fembed-bitcode -arch arm64 -fembed-bitcode conftest.c  >&5
warning: unknown warning option '-Werror=unused-command-line-argument-hard-error-in-future'; did you mean '-Werror=unused-command-line-argument'? [-Wunknown-warning-option]
1 warning generated.
configure:3427: $? = 0
configure:3475: result: yes
configure:3478: checking for C compiler default output file name
configure:3480: result: a.out
configure:3486: checking for suffix of executables
configure:3493: xcrun -sdk iphoneos clang -Wno-error=unused-command-line-argument-hard-error-in-future -o conftest -arch arm64 -fembed-bitcode -arch arm64 -fembed-bitcode -arch arm64 -fembed-bitcode conftest.c  >&5
warning: unknown warning option '-Werror=unused-command-line-argument-hard-error-in-future'; did you mean '-Werror=unused-command-line-argument'? [-Wunknown-warning-option]
1 warning generated.
configure:3497: $? = 0
configure:3519: result: 
configure:3541: checking whether we are cross compiling
configure:3549: xcrun -sdk iphoneos clang -Wno-error=unused-command-line-argument-hard-error-in-future -o conftest -arch arm64 -fembed-bitcode -arch arm64 -fembed-bitcode -arch arm64 -fembed-bitcode conftest.c  >&5
warning: unknown warning option '-Werror=unused-command-line-argument-hard-error-in-future'; did you mean '-Werror=unused-command-line-argument'? [-Wunknown-warning-option]
1 warning generated.
configure:3553: $? = 0
configure:3560: ./conftest
/Users/sandslee/Developer/iOSAudioVideoLearn/FFmpeg-iOS编译笔记/fdk-aac-build-script-for-iOS/fdk-aac-2.0.2/configure: line 3562: ./conftest: Bad CPU type in executable
configure:3564: $? = 126
configure:3579: result: yes
configure:3584: checking for suffix of object files
configure:3606: xcrun -sdk iphoneos clang -Wno-error=unused-command-line-argument-hard-error-in-future -c -arch arm64 -fembed-bitcode -arch arm64 -fembed-bitcode conftest.c >&5
warning: unknown warning option '-Werror=unused-command-line-argument-hard-error-in-future'; did you mean '-Werror=unused-command-line-argument'? [-Wunknown-warning-option]
1 warning generated.
configure:3610: $? = 0
configure:3631: result: o
configure:3635: checking whether we are using the GNU C compiler
configure:3654: xcrun -sdk iphoneos clang -Wno-error=unused-command-line-argument-hard-error-in-future -c -arch arm64 -fembed-bitcode -arch arm64 -fembed-bitcode conftest.c >&5
warning: unknown warning option '-Werror=unused-command-line-argument-hard-error-in-future'; did you mean '-Werror=unused-command-line-argument'? [-Wunknown-warning-option]
1 warning generated.
configure:3654: $? = 0
configure:3663: result: yes
configure:3672: checking whether xcrun -sdk iphoneos clang -Wno-error=unused-command-line-argument-hard-error-in-future accepts -g
configure:3692: xcrun -sdk iphoneos clang -Wno-error=unused-command-line-argument-hard-error-in-future -c -g -arch arm64 -fembed-bitcode conftest.c >&5
warning: unknown warning option '-Werror=unused-command-line-argument-hard-error-in-future'; did you mean '-Werror=unused-command-line-argument'? [-Wunknown-warning-option]
1 warning generated.
configure:3692: $? = 0
configure: failed program was:
| /* confdefs.h */
| #define PACKAGE_NAME "fdk-aac"
| #define PACKAGE_TARNAME "fdk-aac"
| #define PACKAGE_VERSION "2.0.2"
| #define PACKAGE_STRING "fdk-aac 2.0.2"
| #define PACKAGE_BUGREPORT "http://sourceforge.net/projects/opencore-amr/"
| #define PACKAGE_URL ""
| #define PACKAGE "fdk-aac"
| #define VERSION "2.0.2"
| /* end confdefs.h.  */
| 
| int
| main ()
| {
| 
|   ;
|   return 0;
| }
configure:3707: xcrun -sdk iphoneos clang -Wno-error=unused-command-line-argument-hard-error-in-future -c  -arch arm64 -fembed-bitcode conftest.c >&5
warning: unknown warning option '-Werror=unused-command-line-argument-hard-error-in-future'; did you mean '-Werror=unused-command-line-argument'? [-Wunknown-warning-option]
1 warning generated.
configure:3707: $? = 0
configure: failed program was:
| /* confdefs.h */
| #define PACKAGE_NAME "fdk-aac"
| #define PACKAGE_TARNAME "fdk-aac"
| #define PACKAGE_VERSION "2.0.2"
| #define PACKAGE_STRING "fdk-aac 2.0.2"
| #define PACKAGE_BUGREPORT "http://sourceforge.net/projects/opencore-amr/"
| #define PACKAGE_URL ""
| #define PACKAGE "fdk-aac"
| #define VERSION "2.0.2"
| /* end confdefs.h.  */
| 
| int
| main ()
| {
| 
|   ;
|   return 0;
| }
configure:3723: xcrun -sdk iphoneos clang -Wno-error=unused-command-line-argument-hard-error-in-future -c -g -arch arm64 -fembed-bitcode conftest.c >&5
warning: unknown warning option '-Werror=unused-command-line-argument-hard-error-in-future'; did you mean '-Werror=unused-command-line-argument'? [-Wunknown-warning-option]
1 warning generated.
configure:3723: $? = 0
configure:3733: result: yes
configure:3750: checking for xcrun -sdk iphoneos clang -Wno-error=unused-command-line-argument-hard-error-in-future option to accept ISO C89
configure:3813: xcrun -sdk iphoneos clang -Wno-error=unused-command-line-argument-hard-error-in-future  -c -arch arm64 -fembed-bitcode -arch arm64 -fembed-bitcode conftest.c >&5
warning: unknown warning option '-Werror=unused-command-line-argument-hard-error-in-future'; did you mean '-Werror=unused-command-line-argument'? [-Wunknown-warning-option]
1 warning generated.
configure:3813: $? = 0
configure:3826: result: none needed
configure:3851: checking whether xcrun -sdk iphoneos clang -Wno-error=unused-command-line-argument-hard-error-in-future understands -c and -o together
configure:3873: xcrun -sdk iphoneos clang -Wno-error=unused-command-line-argument-hard-error-in-future -c conftest.c -o conftest2.o
warning: unknown warning option '-Werror=unused-command-line-argument-hard-error-in-future'; did you mean '-Werror=unused-command-line-argument'? [-Wunknown-warning-option]
1 warning generated.
configure:3876: $? = 0
configure:3873: xcrun -sdk iphoneos clang -Wno-error=unused-command-line-argument-hard-error-in-future -c conftest.c -o conftest2.o
warning: unknown warning option '-Werror=unused-command-line-argument-hard-error-in-future'; did you mean '-Werror=unused-command-line-argument'? [-Wunknown-warning-option]
1 warning generated.
configure:3876: $? = 0
configure:3888: result: yes
configure:3908: checking whether make supports the include directive
configure:3923: make -f confmf.GNU && cat confinc.out
this is the am__doit target
configure:3926: $? = 0
configure:3945: result: yes (GNU style)
configure:3970: checking dependency style of xcrun -sdk iphoneos clang -Wno-error=unused-command-line-argument-hard-error-in-future
configure:4081: result: gcc3
configure:4208: checking for C++ compiler version
configure:4217: xcrun -sdk iphoneos clang -Wno-error=unused-command-line-argument-hard-error-in-future --version >&5
Apple clang version 12.0.5 (clang-1205.0.22.9)
Target: x86_64-apple-darwin20.4.0
Thread model: posix
InstalledDir: /Applications/Xcode.app/Contents/Developer/Toolchains/XcodeDefault.xctoolchain/usr/bin
configure:4228: $? = 0
configure:4217: xcrun -sdk iphoneos clang -Wno-error=unused-command-line-argument-hard-error-in-future -v >&5
Apple clang version 12.0.5 (clang-1205.0.22.9)
Target: x86_64-apple-darwin20.4.0
Thread model: posix
InstalledDir: /Applications/Xcode.app/Contents/Developer/Toolchains/XcodeDefault.xctoolchain/usr/bin
clang: warning: argument unused during compilation: '-Wno-error=unused-command-line-argument-hard-error-in-future' [-Wunused-command-line-argument]
configure:4228: $? = 0
configure:4217: xcrun -sdk iphoneos clang -Wno-error=unused-command-line-argument-hard-error-in-future -V >&5
clang: error: argument to '-V' is missing (expected 1 value)
clang: error: no input files
configure:4228: $? = 1
configure:4217: xcrun -sdk iphoneos clang -Wno-error=unused-command-line-argument-hard-error-in-future -qversion >&5
clang: error: unknown argument '-qversion'; did you mean '--version'?
clang: error: no input files
configure:4228: $? = 1
configure:4232: checking whether we are using the GNU C++ compiler
configure:4251: xcrun -sdk iphoneos clang -Wno-error=unused-command-line-argument-hard-error-in-future -c  -arch arm64 -fembed-bitcode conftest.cpp >&5
warning: unknown warning option '-Werror=unused-command-line-argument-hard-error-in-future'; did you mean '-Werror=unused-command-line-argument'? [-Wunknown-warning-option]
1 warning generated.
configure:4251: $? = 0
configure:4260: result: yes
configure:4269: checking whether xcrun -sdk iphoneos clang -Wno-error=unused-command-line-argument-hard-error-in-future accepts -g
configure:4289: xcrun -sdk iphoneos clang -Wno-error=unused-command-line-argument-hard-error-in-future -c -g -arch arm64 -fembed-bitcode conftest.cpp >&5
warning: unknown warning option '-Werror=unused-command-line-argument-hard-error-in-future'; did you mean '-Werror=unused-command-line-argument'? [-Wunknown-warning-option]
1 warning generated.
configure:4289: $? = 0
configure: failed program was:
| /* confdefs.h */
| #define PACKAGE_NAME "fdk-aac"
| #define PACKAGE_TARNAME "fdk-aac"
| #define PACKAGE_VERSION "2.0.2"
| #define PACKAGE_STRING "fdk-aac 2.0.2"
| #define PACKAGE_BUGREPORT "http://sourceforge.net/projects/opencore-amr/"
| #define PACKAGE_URL ""
| #define PACKAGE "fdk-aac"
| #define VERSION "2.0.2"
| /* end confdefs.h.  */
| 
| int
| main ()
| {
| 
|   ;
|   return 0;
| }
configure:4304: xcrun -sdk iphoneos clang -Wno-error=unused-command-line-argument-hard-error-in-future -c  -arch arm64 -fembed-bitcode conftest.cpp >&5
warning: unknown warning option '-Werror=unused-command-line-argument-hard-error-in-future'; did you mean '-Werror=unused-command-line-argument'? [-Wunknown-warning-option]
1 warning generated.
configure:4304: $? = 0
configure: failed program was:
| /* confdefs.h */
| #define PACKAGE_NAME "fdk-aac"
| #define PACKAGE_TARNAME "fdk-aac"
| #define PACKAGE_VERSION "2.0.2"
| #define PACKAGE_STRING "fdk-aac 2.0.2"
| #define PACKAGE_BUGREPORT "http://sourceforge.net/projects/opencore-amr/"
| #define PACKAGE_URL ""
| #define PACKAGE "fdk-aac"
| #define VERSION "2.0.2"
| /* end confdefs.h.  */
| 
| int
| main ()
| {
| 
|   ;
|   return 0;
| }
configure:4320: xcrun -sdk iphoneos clang -Wno-error=unused-command-line-argument-hard-error-in-future -c -g -arch arm64 -fembed-bitcode conftest.cpp >&5
warning: unknown warning option '-Werror=unused-command-line-argument-hard-error-in-future'; did you mean '-Werror=unused-command-line-argument'? [-Wunknown-warning-option]
1 warning generated.
configure:4320: $? = 0
configure:4330: result: yes
configure:4355: checking dependency style of xcrun -sdk iphoneos clang -Wno-error=unused-command-line-argument-hard-error-in-future
configure:4466: result: gcc3
configure:4510: checking build system type
configure:4524: result: x86_64-apple-darwin20.4.0
configure:4544: checking host system type
configure:4557: result: aarch64-apple-darwin
configure:4598: checking how to print strings
configure:4625: result: printf
configure:4646: checking for a sed that does not truncate output
configure:4710: result: /usr/local/bin/gsed
configure:4728: checking for grep that handles long lines and -e
configure:4786: result: /usr/bin/grep
configure:4791: checking for egrep
configure:4853: result: /usr/bin/grep -E
configure:4858: checking for fgrep
configure:4920: result: /usr/bin/grep -F
configure:4955: checking for ld used by xcrun -sdk iphoneos clang -Wno-error=unused-command-line-argument-hard-error-in-future
configure:5022: result: /Applications/Xcode.app/Contents/Developer/Toolchains/XcodeDefault.xctoolchain/usr/bin/ld
configure:5029: checking if the linker (/Applications/Xcode.app/Contents/Developer/Toolchains/XcodeDefault.xctoolchain/usr/bin/ld) is GNU ld
configure:5044: result: no
configure:5056: checking for BSD- or MS-compatible name lister (nm)
configure:5110: result: no
configure:5124: checking for aarch64-apple-darwin-dumpbin
configure:5154: result: no
configure:5124: checking for aarch64-apple-darwin-link
configure:5154: result: no
configure:5168: checking for dumpbin
configure:5198: result: no
configure:5168: checking for link
configure:5184: found /bin/link
configure:5195: result: link -dump
configure:5211: WARNING: using cross tools not prefixed with host triplet
configure:5240: checking the name lister (nm) interface
configure:5247: xcrun -sdk iphoneos clang -Wno-error=unused-command-line-argument-hard-error-in-future -c -arch arm64 -fembed-bitcode -arch arm64 -fembed-bitcode conftest.c >&5
warning: unknown warning option '-Werror=unused-command-line-argument-hard-error-in-future'; did you mean '-Werror=unused-command-line-argument'? [-Wunknown-warning-option]
1 warning generated.
configure:5250: nm "conftest.o"
configure:5253: output
---------------- D _some_variable
configure:5260: result: BSD nm
configure:5263: checking whether ln -s works
configure:5267: result: yes
configure:5275: checking the maximum length of command line arguments
configure:5406: result: 786432
configure:5454: checking how to convert x86_64-apple-darwin20.4.0 file names to aarch64-apple-darwin format
configure:5494: result: func_convert_file_noop
configure:5501: checking how to convert x86_64-apple-darwin20.4.0 file names to toolchain format
configure:5521: result: func_convert_file_noop
configure:5528: checking for /Applications/Xcode.app/Contents/Developer/Toolchains/XcodeDefault.xctoolchain/usr/bin/ld option to reload object files
configure:5535: result: -r
configure:5569: checking for aarch64-apple-darwin-objdump
configure:5599: result: no
configure:5609: checking for objdump
configure:5625: found /usr/bin/objdump
configure:5636: result: objdump
configure:5668: checking how to recognize dependent libraries
configure:5868: result: pass_all
configure:5913: checking for aarch64-apple-darwin-dlltool
configure:5943: result: no
configure:5953: checking for dlltool
configure:5983: result: no
configure:6013: checking how to associate runtime and link libraries
configure:6040: result: printf %s\n
configure:6057: checking for aarch64-apple-darwin-ar
configure:6087: result: no
configure:6101: checking for ar
configure:6117: found /usr/bin/ar
configure:6128: result: ar
configure:6165: checking for archiver @FILE support
configure:6182: xcrun -sdk iphoneos clang -Wno-error=unused-command-line-argument-hard-error-in-future -c -arch arm64 -fembed-bitcode -arch arm64 -fembed-bitcode conftest.c >&5
warning: unknown warning option '-Werror=unused-command-line-argument-hard-error-in-future'; did you mean '-Werror=unused-command-line-argument'? [-Wunknown-warning-option]
1 warning generated.
configure:6182: $? = 0
configure:6185: ar cr libconftest.a @conftest.lst >&5
ar: @conftest.lst: No such file or directory
configure:6188: $? = 1
configure:6208: result: no
configure:6226: checking for aarch64-apple-darwin-strip
configure:6253: result: strip
configure:6325: checking for aarch64-apple-darwin-ranlib
configure:6355: result: no
configure:6365: checking for ranlib
configure:6381: found /usr/bin/ranlib
configure:6392: result: ranlib
configure:6494: checking command to parse nm output from xcrun -sdk iphoneos clang -Wno-error=unused-command-line-argument-hard-error-in-future object
configure:6647: xcrun -sdk iphoneos clang -Wno-error=unused-command-line-argument-hard-error-in-future -c -arch arm64 -fembed-bitcode -arch arm64 -fembed-bitcode conftest.c >&5
warning: unknown warning option '-Werror=unused-command-line-argument-hard-error-in-future'; did you mean '-Werror=unused-command-line-argument'? [-Wunknown-warning-option]
1 warning generated.
configure:6650: $? = 0
configure:6654: nm conftest.o | sed -n -e 's/^.*[	 ]\([BCDEGRST][BCDEGRST]*\)[	 ][	 ]*\([_A-Za-z][_A-Za-z0-9]*\)$/\1 \2 \2/p' | sed '/ __gnu_lto/d' > conftest.nm
cannot find nm_test_var in conftest.nm
configure:6647: xcrun -sdk iphoneos clang -Wno-error=unused-command-line-argument-hard-error-in-future -c -arch arm64 -fembed-bitcode -arch arm64 -fembed-bitcode conftest.c >&5
warning: unknown warning option '-Werror=unused-command-line-argument-hard-error-in-future'; did you mean '-Werror=unused-command-line-argument'? [-Wunknown-warning-option]
1 warning generated.
configure:6650: $? = 0
configure:6654: nm conftest.o | sed -n -e 's/^.*[	 ]\([BCDEGRST][BCDEGRST]*\)[	 ][	 ]*_\([_A-Za-z][_A-Za-z0-9]*\)$/\1 _\2 \2/p' | sed '/ __gnu_lto/d' > conftest.nm
configure:6720: xcrun -sdk iphoneos clang -Wno-error=unused-command-line-argument-hard-error-in-future -o conftest -arch arm64 -fembed-bitcode -arch arm64 -fembed-bitcode -arch arm64 -fembed-bitcode conftest.c conftstm.o >&5
warning: unknown warning option '-Werror=unused-command-line-argument-hard-error-in-future'; did you mean '-Werror=unused-command-line-argument'? [-Wunknown-warning-option]
1 warning generated.
configure:6723: $? = 0
configure:6761: result: ok
configure:6808: checking for sysroot
configure:6838: result: no
configure:6845: checking for a working dd
configure:6883: result: /bin/dd
configure:6887: checking how to truncate binary pipes
configure:6902: result: /bin/dd bs=4096 count=1
configure:7191: checking for aarch64-apple-darwin-mt
configure:7221: result: no
configure:7231: checking for mt
configure:7261: result: no
configure:7281: checking if : is a manifest tool
configure:7287: : '-?'
configure:7295: result: no
configure:7311: checking for aarch64-apple-darwin-dsymutil
configure:7341: result: no
configure:7351: checking for dsymutil
configure:7367: found /usr/bin/dsymutil
configure:7378: result: dsymutil
configure:7403: checking for aarch64-apple-darwin-nmedit
configure:7433: result: no
configure:7443: checking for nmedit
configure:7459: found /usr/bin/nmedit
configure:7470: result: nmedit
configure:7495: checking for aarch64-apple-darwin-lipo
configure:7525: result: no
configure:7535: checking for lipo
configure:7551: found /usr/bin/lipo
configure:7562: result: lipo
configure:7587: checking for aarch64-apple-darwin-otool
configure:7617: result: no
configure:7627: checking for otool
configure:7643: found /usr/bin/otool
configure:7654: result: otool
configure:7679: checking for aarch64-apple-darwin-otool64
configure:7709: result: no
configure:7719: checking for otool64
configure:7749: result: no
configure:7794: checking for -single_module linker flag
xcrun -sdk iphoneos clang -Wno-error=unused-command-line-argument-hard-error-in-future -arch arm64 -fembed-bitcode -arch arm64 -fembed-bitcode -o libconftest.dylib -dynamiclib -Wl,-single_module conftest.c
configure:7827: result: yes
configure:7830: checking for -exported_symbols_list linker flag
configure:7850: xcrun -sdk iphoneos clang -Wno-error=unused-command-line-argument-hard-error-in-future -o conftest -arch arm64 -fembed-bitcode -arch arm64 -fembed-bitcode -arch arm64 -fembed-bitcode -Wl,-exported_symbols_list,conftest.sym conftest.c  >&5
warning: unknown warning option '-Werror=unused-command-line-argument-hard-error-in-future'; did you mean '-Werror=unused-command-line-argument'? [-Wunknown-warning-option]
1 warning generated.
configure:7850: $? = 0
configure:7860: result: yes
configure:7863: checking for -force_load linker flag
xcrun -sdk iphoneos clang -Wno-error=unused-command-line-argument-hard-error-in-future -arch arm64 -fembed-bitcode -c -o conftest.o conftest.c
warning: unknown warning option '-Werror=unused-command-line-argument-hard-error-in-future'; did you mean '-Werror=unused-command-line-argument'? [-Wunknown-warning-option]
1 warning generated.
ar cr libconftest.a conftest.o
ranlib libconftest.a
xcrun -sdk iphoneos clang -Wno-error=unused-command-line-argument-hard-error-in-future -arch arm64 -fembed-bitcode -arch arm64 -fembed-bitcode -o conftest conftest.c -Wl,-force_load,./libconftest.a
configure:7895: result: yes
configure:7972: checking how to run the C preprocessor
configure:8042: result: xcrun -sdk iphoneos clang -Wno-error=unused-command-line-argument-hard-error-in-future -E
configure:8062: xcrun -sdk iphoneos clang -Wno-error=unused-command-line-argument-hard-error-in-future -E -arch arm64 -fembed-bitcode conftest.c
warning: unknown warning option '-Werror=unused-command-line-argument-hard-error-in-future'; did you mean '-Werror=unused-command-line-argument'? [-Wunknown-warning-option]
1 warning generated.
configure:8062: $? = 0
configure:8076: xcrun -sdk iphoneos clang -Wno-error=unused-command-line-argument-hard-error-in-future -E -arch arm64 -fembed-bitcode conftest.c
warning: unknown warning option '-Werror=unused-command-line-argument-hard-error-in-future'; did you mean '-Werror=unused-command-line-argument'? [-Wunknown-warning-option]
conftest.c:11:10: fatal error: 'ac_nonexistent.h' file not found
#include <ac_nonexistent.h>
         ^~~~~~~~~~~~~~~~~~
1 warning and 1 error generated.
configure:8076: $? = 1
configure: failed program was:
| /* confdefs.h */
| #define PACKAGE_NAME "fdk-aac"
| #define PACKAGE_TARNAME "fdk-aac"
| #define PACKAGE_VERSION "2.0.2"
| #define PACKAGE_STRING "fdk-aac 2.0.2"
| #define PACKAGE_BUGREPORT "http://sourceforge.net/projects/opencore-amr/"
| #define PACKAGE_URL ""
| #define PACKAGE "fdk-aac"
| #define VERSION "2.0.2"
| /* end confdefs.h.  */
| #include <ac_nonexistent.h>
configure:8105: checking for ANSI C header files
configure:8125: xcrun -sdk iphoneos clang -Wno-error=unused-command-line-argument-hard-error-in-future -c -arch arm64 -fembed-bitcode -arch arm64 -fembed-bitcode conftest.c >&5
warning: unknown warning option '-Werror=unused-command-line-argument-hard-error-in-future'; did you mean '-Werror=unused-command-line-argument'? [-Wunknown-warning-option]
1 warning generated.
configure:8125: $? = 0
warning: unknown warning option '-Werror=unused-command-line-argument-hard-error-in-future'; did you mean '-Werror=unused-command-line-argument'? [-Wunknown-warning-option]
1 warning generated.
warning: unknown warning option '-Werror=unused-command-line-argument-hard-error-in-future'; did you mean '-Werror=unused-command-line-argument'? [-Wunknown-warning-option]
1 warning generated.
configure:8209: result: yes
configure:8222: checking for sys/types.h
configure:8222: xcrun -sdk iphoneos clang -Wno-error=unused-command-line-argument-hard-error-in-future -c -arch arm64 -fembed-bitcode -arch arm64 -fembed-bitcode conftest.c >&5
warning: unknown warning option '-Werror=unused-command-line-argument-hard-error-in-future'; did you mean '-Werror=unused-command-line-argument'? [-Wunknown-warning-option]
1 warning generated.
configure:8222: $? = 0
configure:8222: result: yes
configure:8222: checking for sys/stat.h
configure:8222: xcrun -sdk iphoneos clang -Wno-error=unused-command-line-argument-hard-error-in-future -c -arch arm64 -fembed-bitcode -arch arm64 -fembed-bitcode conftest.c >&5
warning: unknown warning option '-Werror=unused-command-line-argument-hard-error-in-future'; did you mean '-Werror=unused-command-line-argument'? [-Wunknown-warning-option]
1 warning generated.
configure:8222: $? = 0
configure:8222: result: yes
configure:8222: checking for stdlib.h
configure:8222: xcrun -sdk iphoneos clang -Wno-error=unused-command-line-argument-hard-error-in-future -c -arch arm64 -fembed-bitcode -arch arm64 -fembed-bitcode conftest.c >&5
warning: unknown warning option '-Werror=unused-command-line-argument-hard-error-in-future'; did you mean '-Werror=unused-command-line-argument'? [-Wunknown-warning-option]
1 warning generated.
configure:8222: $? = 0
configure:8222: result: yes
configure:8222: checking for string.h
configure:8222: xcrun -sdk iphoneos clang -Wno-error=unused-command-line-argument-hard-error-in-future -c -arch arm64 -fembed-bitcode -arch arm64 -fembed-bitcode conftest.c >&5
warning: unknown warning option '-Werror=unused-command-line-argument-hard-error-in-future'; did you mean '-Werror=unused-command-line-argument'? [-Wunknown-warning-option]
1 warning generated.
configure:8222: $? = 0
configure:8222: result: yes
configure:8222: checking for memory.h
configure:8222: xcrun -sdk iphoneos clang -Wno-error=unused-command-line-argument-hard-error-in-future -c -arch arm64 -fembed-bitcode -arch arm64 -fembed-bitcode conftest.c >&5
warning: unknown warning option '-Werror=unused-command-line-argument-hard-error-in-future'; did you mean '-Werror=unused-command-line-argument'? [-Wunknown-warning-option]
1 warning generated.
configure:8222: $? = 0
configure:8222: result: yes
configure:8222: checking for strings.h
configure:8222: xcrun -sdk iphoneos clang -Wno-error=unused-command-line-argument-hard-error-in-future -c -arch arm64 -fembed-bitcode -arch arm64 -fembed-bitcode conftest.c >&5
warning: unknown warning option '-Werror=unused-command-line-argument-hard-error-in-future'; did you mean '-Werror=unused-command-line-argument'? [-Wunknown-warning-option]
1 warning generated.
configure:8222: $? = 0
configure:8222: result: yes
configure:8222: checking for inttypes.h
configure:8222: xcrun -sdk iphoneos clang -Wno-error=unused-command-line-argument-hard-error-in-future -c -arch arm64 -fembed-bitcode -arch arm64 -fembed-bitcode conftest.c >&5
warning: unknown warning option '-Werror=unused-command-line-argument-hard-error-in-future'; did you mean '-Werror=unused-command-line-argument'? [-Wunknown-warning-option]
1 warning generated.
configure:8222: $? = 0
configure:8222: result: yes
configure:8222: checking for stdint.h
configure:8222: xcrun -sdk iphoneos clang -Wno-error=unused-command-line-argument-hard-error-in-future -c -arch arm64 -fembed-bitcode -arch arm64 -fembed-bitcode conftest.c >&5
warning: unknown warning option '-Werror=unused-command-line-argument-hard-error-in-future'; did you mean '-Werror=unused-command-line-argument'? [-Wunknown-warning-option]
1 warning generated.
configure:8222: $? = 0
configure:8222: result: yes
configure:8222: checking for unistd.h
configure:8222: xcrun -sdk iphoneos clang -Wno-error=unused-command-line-argument-hard-error-in-future -c -arch arm64 -fembed-bitcode -arch arm64 -fembed-bitcode conftest.c >&5
warning: unknown warning option '-Werror=unused-command-line-argument-hard-error-in-future'; did you mean '-Werror=unused-command-line-argument'? [-Wunknown-warning-option]
1 warning generated.
configure:8222: $? = 0
configure:8222: result: yes
configure:8236: checking for dlfcn.h
configure:8236: xcrun -sdk iphoneos clang -Wno-error=unused-command-line-argument-hard-error-in-future -c -arch arm64 -fembed-bitcode -arch arm64 -fembed-bitcode conftest.c >&5
warning: unknown warning option '-Werror=unused-command-line-argument-hard-error-in-future'; did you mean '-Werror=unused-command-line-argument'? [-Wunknown-warning-option]
1 warning generated.
configure:8236: $? = 0
configure:8236: result: yes
configure:8503: checking for objdir
configure:8518: result: .libs
configure:8782: checking if xcrun -sdk iphoneos clang -Wno-error=unused-command-line-argument-hard-error-in-future supports -fno-rtti -fno-exceptions
configure:8800: xcrun -sdk iphoneos clang -Wno-error=unused-command-line-argument-hard-error-in-future -c -arch arm64 -fembed-bitcode -arch arm64 -fembed-bitcode -fno-rtti -fno-exceptions conftest.c >&5
warning: unknown warning option '-Werror=unused-command-line-argument-hard-error-in-future'; did you mean '-Werror=unused-command-line-argument'? [-Wunknown-warning-option]
1 warning generated.
configure:8804: $? = 0
configure:8817: result: yes
configure:9181: checking for xcrun -sdk iphoneos clang -Wno-error=unused-command-line-argument-hard-error-in-future option to produce PIC
configure:9188: result: -fno-common -DPIC
configure:9196: checking if xcrun -sdk iphoneos clang -Wno-error=unused-command-line-argument-hard-error-in-future PIC flag -fno-common -DPIC works
configure:9214: xcrun -sdk iphoneos clang -Wno-error=unused-command-line-argument-hard-error-in-future -c -arch arm64 -fembed-bitcode -arch arm64 -fembed-bitcode -fno-common -DPIC -DPIC conftest.c >&5
warning: unknown warning option '-Werror=unused-command-line-argument-hard-error-in-future'; did you mean '-Werror=unused-command-line-argument'? [-Wunknown-warning-option]
1 warning generated.
configure:9218: $? = 0
configure:9231: result: yes
configure:9260: checking if xcrun -sdk iphoneos clang -Wno-error=unused-command-line-argument-hard-error-in-future static flag -static works
configure:9288: result: no
configure:9303: checking if xcrun -sdk iphoneos clang -Wno-error=unused-command-line-argument-hard-error-in-future supports -c -o file.o
configure:9324: xcrun -sdk iphoneos clang -Wno-error=unused-command-line-argument-hard-error-in-future -c -arch arm64 -fembed-bitcode -arch arm64 -fembed-bitcode -o out/conftest2.o conftest.c >&5
warning: unknown warning option '-Werror=unused-command-line-argument-hard-error-in-future'; did you mean '-Werror=unused-command-line-argument'? [-Wunknown-warning-option]
1 warning generated.
configure:9328: $? = 0
configure:9350: result: yes
configure:9358: checking if xcrun -sdk iphoneos clang -Wno-error=unused-command-line-argument-hard-error-in-future supports -c -o file.o
configure:9405: result: yes
configure:9438: checking whether the xcrun -sdk iphoneos clang -Wno-error=unused-command-line-argument-hard-error-in-future linker (/Applications/Xcode.app/Contents/Developer/Toolchains/XcodeDefault.xctoolchain/usr/bin/ld) supports shared libraries
configure:10701: result: yes
configure:10941: checking dynamic linker characteristics
configure:11771: result: darwin dyld
configure:11893: checking how to hardcode library paths into programs
configure:11918: result: immediate
configure:12466: checking whether stripping libraries is possible
configure:12480: result: yes
configure:12506: checking if libtool supports shared libraries
configure:12508: result: yes
configure:12511: checking whether to build shared libraries
configure:12536: result: no
configure:12539: checking whether to build static libraries
configure:12543: result: yes
configure:12566: checking how to run the C++ preprocessor
configure:12593: xcrun -sdk iphoneos clang -Wno-error=unused-command-line-argument-hard-error-in-future -E -arch arm64 -fembed-bitcode conftest.cpp
warning: unknown warning option '-Werror=unused-command-line-argument-hard-error-in-future'; did you mean '-Werror=unused-command-line-argument'? [-Wunknown-warning-option]
1 warning generated.
configure:12593: $? = 0
configure:12607: xcrun -sdk iphoneos clang -Wno-error=unused-command-line-argument-hard-error-in-future -E -arch arm64 -fembed-bitcode conftest.cpp
warning: unknown warning option '-Werror=unused-command-line-argument-hard-error-in-future'; did you mean '-Werror=unused-command-line-argument'? [-Wunknown-warning-option]
conftest.cpp:23:10: fatal error: 'ac_nonexistent.h' file not found
#include <ac_nonexistent.h>
         ^~~~~~~~~~~~~~~~~~
1 warning and 1 error generated.
configure:12607: $? = 1
configure: failed program was:
| /* confdefs.h */
| #define PACKAGE_NAME "fdk-aac"
| #define PACKAGE_TARNAME "fdk-aac"
| #define PACKAGE_VERSION "2.0.2"
| #define PACKAGE_STRING "fdk-aac 2.0.2"
| #define PACKAGE_BUGREPORT "http://sourceforge.net/projects/opencore-amr/"
| #define PACKAGE_URL ""
| #define PACKAGE "fdk-aac"
| #define VERSION "2.0.2"
| #define STDC_HEADERS 1
| #define HAVE_SYS_TYPES_H 1
| #define HAVE_SYS_STAT_H 1
| #define HAVE_STDLIB_H 1
| #define HAVE_STRING_H 1
| #define HAVE_MEMORY_H 1
| #define HAVE_STRINGS_H 1
| #define HAVE_INTTYPES_H 1
| #define HAVE_STDINT_H 1
| #define HAVE_UNISTD_H 1
| #define HAVE_DLFCN_H 1
| #define LT_OBJDIR ".libs/"
| /* end confdefs.h.  */
| #include <ac_nonexistent.h>
configure:12632: result: xcrun -sdk iphoneos clang -Wno-error=unused-command-line-argument-hard-error-in-future -E
configure:12652: xcrun -sdk iphoneos clang -Wno-error=unused-command-line-argument-hard-error-in-future -E -arch arm64 -fembed-bitcode conftest.cpp
warning: unknown warning option '-Werror=unused-command-line-argument-hard-error-in-future'; did you mean '-Werror=unused-command-line-argument'? [-Wunknown-warning-option]
1 warning generated.
configure:12652: $? = 0
configure:12666: xcrun -sdk iphoneos clang -Wno-error=unused-command-line-argument-hard-error-in-future -E -arch arm64 -fembed-bitcode conftest.cpp
warning: unknown warning option '-Werror=unused-command-line-argument-hard-error-in-future'; did you mean '-Werror=unused-command-line-argument'? [-Wunknown-warning-option]
conftest.cpp:23:10: fatal error: 'ac_nonexistent.h' file not found
#include <ac_nonexistent.h>
         ^~~~~~~~~~~~~~~~~~
1 warning and 1 error generated.
configure:12666: $? = 1
configure: failed program was:
| /* confdefs.h */
| #define PACKAGE_NAME "fdk-aac"
| #define PACKAGE_TARNAME "fdk-aac"
| #define PACKAGE_VERSION "2.0.2"
| #define PACKAGE_STRING "fdk-aac 2.0.2"
| #define PACKAGE_BUGREPORT "http://sourceforge.net/projects/opencore-amr/"
| #define PACKAGE_URL ""
| #define PACKAGE "fdk-aac"
| #define VERSION "2.0.2"
| #define STDC_HEADERS 1
| #define HAVE_SYS_TYPES_H 1
| #define HAVE_SYS_STAT_H 1
| #define HAVE_STDLIB_H 1
| #define HAVE_STRING_H 1
| #define HAVE_MEMORY_H 1
| #define HAVE_STRINGS_H 1
| #define HAVE_INTTYPES_H 1
| #define HAVE_STDINT_H 1
| #define HAVE_UNISTD_H 1
| #define HAVE_DLFCN_H 1
| #define LT_OBJDIR ".libs/"
| /* end confdefs.h.  */
| #include <ac_nonexistent.h>
configure:12828: checking for ld used by xcrun -sdk iphoneos clang -Wno-error=unused-command-line-argument-hard-error-in-future
configure:12895: result: /Applications/Xcode.app/Contents/Developer/Toolchains/XcodeDefault.xctoolchain/usr/bin/ld
configure:12902: checking if the linker (/Applications/Xcode.app/Contents/Developer/Toolchains/XcodeDefault.xctoolchain/usr/bin/ld) is GNU ld
configure:12917: result: no
configure:12972: checking whether the xcrun -sdk iphoneos clang -Wno-error=unused-command-line-argument-hard-error-in-future linker (/Applications/Xcode.app/Contents/Developer/Toolchains/XcodeDefault.xctoolchain/usr/bin/ld) supports shared libraries
configure:14045: result: yes
configure:14081: xcrun -sdk iphoneos clang -Wno-error=unused-command-line-argument-hard-error-in-future -c -g -O2 -arch arm64 -fembed-bitcode conftest.cpp >&5
warning: unknown warning option '-Werror=unused-command-line-argument-hard-error-in-future'; did you mean '-Werror=unused-command-line-argument'? [-Wunknown-warning-option]
1 warning generated.
configure:14084: $? = 0
configure:14565: checking for xcrun -sdk iphoneos clang -Wno-error=unused-command-line-argument-hard-error-in-future option to produce PIC
configure:14572: result: -fno-common -DPIC
configure:14580: checking if xcrun -sdk iphoneos clang -Wno-error=unused-command-line-argument-hard-error-in-future PIC flag -fno-common -DPIC works
configure:14598: xcrun -sdk iphoneos clang -Wno-error=unused-command-line-argument-hard-error-in-future -c -g -O2 -arch arm64 -fembed-bitcode -fno-common -DPIC -DPIC conftest.cpp >&5
warning: unknown warning option '-Werror=unused-command-line-argument-hard-error-in-future'; did you mean '-Werror=unused-command-line-argument'? [-Wunknown-warning-option]
1 warning generated.
configure:14602: $? = 0
configure:14615: result: yes
configure:14638: checking if xcrun -sdk iphoneos clang -Wno-error=unused-command-line-argument-hard-error-in-future static flag -static works
configure:14666: result: no
configure:14678: checking if xcrun -sdk iphoneos clang -Wno-error=unused-command-line-argument-hard-error-in-future supports -c -o file.o
configure:14699: xcrun -sdk iphoneos clang -Wno-error=unused-command-line-argument-hard-error-in-future -c -g -O2 -arch arm64 -fembed-bitcode -o out/conftest2.o conftest.cpp >&5
warning: unknown warning option '-Werror=unused-command-line-argument-hard-error-in-future'; did you mean '-Werror=unused-command-line-argument'? [-Wunknown-warning-option]
1 warning generated.
configure:14703: $? = 0
configure:14725: result: yes
configure:14730: checking if xcrun -sdk iphoneos clang -Wno-error=unused-command-line-argument-hard-error-in-future supports -c -o file.o
configure:14777: result: yes
configure:14807: checking whether the xcrun -sdk iphoneos clang -Wno-error=unused-command-line-argument-hard-error-in-future linker (/Applications/Xcode.app/Contents/Developer/Toolchains/XcodeDefault.xctoolchain/usr/bin/ld) supports shared libraries
configure:14850: result: yes
configure:14991: checking dynamic linker characteristics
configure:15748: result: darwin dyld
configure:15813: checking how to hardcode library paths into programs
configure:15838: result: immediate
configure:15900: checking for library containing sin
configure:15931: xcrun -sdk iphoneos clang -Wno-error=unused-command-line-argument-hard-error-in-future -o conftest -arch arm64 -fembed-bitcode -arch arm64 -fembed-bitcode -arch arm64 -fembed-bitcode conftest.c  >&5
warning: unknown warning option '-Werror=unused-command-line-argument-hard-error-in-future'; did you mean '-Werror=unused-command-line-argument'? [-Wunknown-warning-option]
conftest.c:30:6: warning: incompatible redeclaration of library function 'sin' [-Wincompatible-library-redeclaration]
char sin ();
     ^
conftest.c:30:6: note: 'sin' is a builtin with type 'double (double)'
2 warnings generated.
configure:15931: $? = 0
configure:15948: result: none required
configure:16115: checking that generated files are newer than configure
configure:16121: result: done
configure:16152: creating ./config.status

## ---------------------- ##
## Running config.status. ##
## ---------------------- ##

This file was extended by fdk-aac config.status 2.0.2, which was
generated by GNU Autoconf 2.69.  Invocation command line was

  CONFIG_FILES    = 
  CONFIG_HEADERS  = 
  CONFIG_LINKS    = 
  CONFIG_COMMANDS = 
  $ ./config.status 

on lishuzhideMacBook-Pro.local

config.status:1073: creating Makefile
config.status:1073: creating fdk-aac.pc
config.status:1230: executing depfiles commands
config.status:1307: cd .       && sed -e '/# am--include-marker/d' Makefile         | make -f - am--depfiles
config.status:1312: $? = 0
config.status:1230: executing libtool commands

## ---------------- ##
## Cache variables. ##
## ---------------- ##

ac_cv_build=x86_64-apple-darwin20.4.0
ac_cv_c_compiler_gnu=yes
ac_cv_cxx_compiler_gnu=yes
ac_cv_env_CCC_set=
ac_cv_env_CCC_value=
ac_cv_env_CC_set=set
ac_cv_env_CC_value='xcrun -sdk iphoneos clang -Wno-error=unused-command-line-argument-hard-error-in-future'
ac_cv_env_CFLAGS_set=set
ac_cv_env_CFLAGS_value='-arch arm64 -fembed-bitcode'
ac_cv_env_CPPFLAGS_set=set
ac_cv_env_CPPFLAGS_value='-arch arm64 -fembed-bitcode'
ac_cv_env_CPP_set=set
ac_cv_env_CPP_value='xcrun -sdk iphoneos clang -Wno-error=unused-command-line-argument-hard-error-in-future -E'
ac_cv_env_CXXCPP_set=
ac_cv_env_CXXCPP_value=
ac_cv_env_CXXFLAGS_set=
ac_cv_env_CXXFLAGS_value=
ac_cv_env_CXX_set=set
ac_cv_env_CXX_value='xcrun -sdk iphoneos clang -Wno-error=unused-command-line-argument-hard-error-in-future'
ac_cv_env_LDFLAGS_set=set
ac_cv_env_LDFLAGS_value='-arch arm64 -fembed-bitcode'
ac_cv_env_LIBS_set=
ac_cv_env_LIBS_value=
ac_cv_env_LT_SYS_LIBRARY_PATH_set=
ac_cv_env_LT_SYS_LIBRARY_PATH_value=
ac_cv_env_build_alias_set=
ac_cv_env_build_alias_value=
ac_cv_env_host_alias_set=set
ac_cv_env_host_alias_value=aarch64-apple-darwin
ac_cv_env_target_alias_set=
ac_cv_env_target_alias_value=
ac_cv_header_dlfcn_h=yes
ac_cv_header_inttypes_h=yes
ac_cv_header_memory_h=yes
ac_cv_header_stdc=yes
ac_cv_header_stdint_h=yes
ac_cv_header_stdlib_h=yes
ac_cv_header_string_h=yes
ac_cv_header_strings_h=yes
ac_cv_header_sys_stat_h=yes
ac_cv_header_sys_types_h=yes
ac_cv_header_unistd_h=yes
ac_cv_host=aarch64-apple-darwin
ac_cv_objext=o
ac_cv_path_EGREP='/usr/bin/grep -E'
ac_cv_path_FGREP='/usr/bin/grep -F'
ac_cv_path_GREP=/usr/bin/grep
ac_cv_path_SED=/usr/local/bin/gsed
ac_cv_path_install='/usr/bin/install -c'
ac_cv_path_lt_DD=/bin/dd
ac_cv_prog_AWK=awk
ac_cv_prog_CC='xcrun -sdk iphoneos clang -Wno-error=unused-command-line-argument-hard-error-in-future'
ac_cv_prog_CPP='xcrun -sdk iphoneos clang -Wno-error=unused-command-line-argument-hard-error-in-future -E'
ac_cv_prog_CXXCPP='xcrun -sdk iphoneos clang -Wno-error=unused-command-line-argument-hard-error-in-future -E'
ac_cv_prog_STRIP=strip
ac_cv_prog_ac_ct_AR=ar
ac_cv_prog_ac_ct_DSYMUTIL=dsymutil
ac_cv_prog_ac_ct_DUMPBIN='link -dump'
ac_cv_prog_ac_ct_LIPO=lipo
ac_cv_prog_ac_ct_NMEDIT=nmedit
ac_cv_prog_ac_ct_OBJDUMP=objdump
ac_cv_prog_ac_ct_OTOOL=otool
ac_cv_prog_ac_ct_RANLIB=ranlib
ac_cv_prog_ac_ct_STRIP=strip
ac_cv_prog_cc_c89=
ac_cv_prog_cc_g=yes
ac_cv_prog_cxx_g=yes
ac_cv_prog_make_make_set=yes
ac_cv_search_sin='none required'
am_cv_CC_dependencies_compiler_type=gcc3
am_cv_CXX_dependencies_compiler_type=gcc3
am_cv_make_support_nested_variables=yes
am_cv_prog_cc_c_o=yes
am_cv_prog_tar_ustar=gnutar
lt_cv_apple_cc_single_mod=yes
lt_cv_ar_at_file=no
lt_cv_deplibs_check_method=pass_all
lt_cv_file_magic_cmd='$MAGIC_CMD'
lt_cv_file_magic_test_file=
lt_cv_ld_exported_symbols_list=yes
lt_cv_ld_force_load=yes
lt_cv_ld_reload_flag=-r
lt_cv_nm_interface='BSD nm'
lt_cv_objdir=.libs
lt_cv_path_LD=/Applications/Xcode.app/Contents/Developer/Toolchains/XcodeDefault.xctoolchain/usr/bin/ld
lt_cv_path_LDCXX=/Applications/Xcode.app/Contents/Developer/Toolchains/XcodeDefault.xctoolchain/usr/bin/ld
lt_cv_path_NM=no
lt_cv_path_mainfest_tool=no
lt_cv_prog_compiler_c_o=yes
lt_cv_prog_compiler_c_o_CXX=yes
lt_cv_prog_compiler_pic='-fno-common -DPIC'
lt_cv_prog_compiler_pic_CXX='-fno-common -DPIC'
lt_cv_prog_compiler_pic_works=yes
lt_cv_prog_compiler_pic_works_CXX=yes
lt_cv_prog_compiler_rtti_exceptions=yes
lt_cv_prog_compiler_static_works=no
lt_cv_prog_compiler_static_works_CXX=no
lt_cv_prog_gnu_ld=no
lt_cv_prog_gnu_ldcxx=no
lt_cv_sharedlib_from_linklib_cmd='printf %s\n'
lt_cv_sys_global_symbol_pipe='sed -n -e '\''s/^.*[	 ]\([BCDEGRST][BCDEGRST]*\)[	 ][	 ]*_\([_A-Za-z][_A-Za-z0-9]*\)$/\1 _\2 \2/p'\'' | sed '\''/ __gnu_lto/d'\'''
lt_cv_sys_global_symbol_to_c_name_address='sed -n -e '\''s/^: \(.*\) .*$/  {"\1", (void *) 0},/p'\'' -e '\''s/^[BCDEGRST][BCDEGRST]* .* \(.*\)$/  {"\1", (void *) \&\1},/p'\'''
lt_cv_sys_global_symbol_to_c_name_address_lib_prefix='sed -n -e '\''s/^: \(.*\) .*$/  {"\1", (void *) 0},/p'\'' -e '\''s/^[BCDEGRST][BCDEGRST]* .* \(lib.*\)$/  {"\1", (void *) \&\1},/p'\'' -e '\''s/^[BCDEGRST][BCDEGRST]* .* \(.*\)$/  {"lib\1", (void *) \&\1},/p'\'''
lt_cv_sys_global_symbol_to_cdecl='sed -n -e '\''s/^T .* \(.*\)$/extern int \1();/p'\'' -e '\''s/^[BCDEGRST][BCDEGRST]* .* \(.*\)$/extern char \1;/p'\'''
lt_cv_sys_global_symbol_to_import=
lt_cv_sys_max_cmd_len=786432
lt_cv_to_host_file_cmd=func_convert_file_noop
lt_cv_to_tool_file_cmd=func_convert_file_noop
lt_cv_truncate_bin='/bin/dd bs=4096 count=1'

## ----------------- ##
## Output variables. ##
## ----------------- ##

ACLOCAL='${SHELL} /Users/sandslee/Developer/iOSAudioVideoLearn/FFmpeg-iOS编译笔记/fdk-aac-build-script-for-iOS/fdk-aac-2.0.2/missing aclocal-1.16'
AMDEPBACKSLASH='\'
AMDEP_FALSE='#'
AMDEP_TRUE=''
AMTAR='$${TAR-tar}'
AM_BACKSLASH='\'
AM_DEFAULT_V='$(AM_DEFAULT_VERBOSITY)'
AM_DEFAULT_VERBOSITY='0'
AM_V='$(V)'
AR='ar'
AUTOCONF='${SHELL} /Users/sandslee/Developer/iOSAudioVideoLearn/FFmpeg-iOS编译笔记/fdk-aac-build-script-for-iOS/fdk-aac-2.0.2/missing autoconf'
AUTOHEADER='${SHELL} /Users/sandslee/Developer/iOSAudioVideoLearn/FFmpeg-iOS编译笔记/fdk-aac-build-script-for-iOS/fdk-aac-2.0.2/missing autoheader'
AUTOMAKE='${SHELL} /Users/sandslee/Developer/iOSAudioVideoLearn/FFmpeg-iOS编译笔记/fdk-aac-build-script-for-iOS/fdk-aac-2.0.2/missing automake-1.16'
AWK='awk'
CC='xcrun -sdk iphoneos clang -Wno-error=unused-command-line-argument-hard-error-in-future'
CCDEPMODE='depmode=gcc3'
CFLAGS='-arch arm64 -fembed-bitcode'
CPP='xcrun -sdk iphoneos clang -Wno-error=unused-command-line-argument-hard-error-in-future -E'
CPPFLAGS='-arch arm64 -fembed-bitcode'
CXX='xcrun -sdk iphoneos clang -Wno-error=unused-command-line-argument-hard-error-in-future'
CXXCPP='xcrun -sdk iphoneos clang -Wno-error=unused-command-line-argument-hard-error-in-future -E'
CXXDEPMODE='depmode=gcc3'
CXXFLAGS='-g -O2'
CYGPATH_W='echo'
DEFS='-DPACKAGE_NAME=\"fdk-aac\" -DPACKAGE_TARNAME=\"fdk-aac\" -DPACKAGE_VERSION=\"2.0.2\" -DPACKAGE_STRING=\"fdk-aac\ 2.0.2\" -DPACKAGE_BUGREPORT=\"http://sourceforge.net/projects/opencore-amr/\" -DPACKAGE_URL=\"\" -DPACKAGE=\"fdk-aac\" -DVERSION=\"2.0.2\" -DSTDC_HEADERS=1 -DHAVE_SYS_TYPES_H=1 -DHAVE_SYS_STAT_H=1 -DHAVE_STDLIB_H=1 -DHAVE_STRING_H=1 -DHAVE_MEMORY_H=1 -DHAVE_STRINGS_H=1 -DHAVE_INTTYPES_H=1 -DHAVE_STDINT_H=1 -DHAVE_UNISTD_H=1 -DHAVE_DLFCN_H=1 -DLT_OBJDIR=\".libs/\"'
DEPDIR='.deps'
DLLTOOL='false'
DSYMUTIL='dsymutil'
DUMPBIN=':'
ECHO_C='\c'
ECHO_N=''
ECHO_T=''
EGREP='/usr/bin/grep -E'
EXAMPLE_FALSE=''
EXAMPLE_TRUE='#'
EXEEXT=''
FDK_AAC_VERSION='2:2:0'
FGREP='/usr/bin/grep -F'
GREP='/usr/bin/grep'
INSTALL_DATA='${INSTALL} -m 644'
INSTALL_PROGRAM='${INSTALL}'
INSTALL_SCRIPT='${INSTALL}'
INSTALL_STRIP_PROGRAM='$(install_sh) -c -s'
LD='/Applications/Xcode.app/Contents/Developer/Toolchains/XcodeDefault.xctoolchain/usr/bin/ld'
LDFLAGS='-arch arm64 -fembed-bitcode'
LIBOBJS=''
LIBS=''
LIBS_PRIVATE=''
LIBS_PUBLIC=''
LIBTOOL='$(SHELL) $(top_builddir)/libtool'
LIPO='lipo'
LN_S='ln -s'
LTLIBOBJS=''
LT_SYS_LIBRARY_PATH=''
MAKEINFO='${SHELL} /Users/sandslee/Developer/iOSAudioVideoLearn/FFmpeg-iOS编译笔记/fdk-aac-build-script-for-iOS/fdk-aac-2.0.2/missing makeinfo'
MANIFEST_TOOL=':'
MKDIR_P='/Users/sandslee/Developer/iOSAudioVideoLearn/FFmpeg-iOS编译笔记/fdk-aac-build-script-for-iOS/fdk-aac-2.0.2/./install-sh -c -d'
NM='nm'
NMEDIT='nmedit'
OBJDUMP='objdump'
OBJEXT='o'
OTOOL64=':'
OTOOL='otool'
PACKAGE='fdk-aac'
PACKAGE_BUGREPORT='http://sourceforge.net/projects/opencore-amr/'
PACKAGE_NAME='fdk-aac'
PACKAGE_STRING='fdk-aac 2.0.2'
PACKAGE_TARNAME='fdk-aac'
PACKAGE_URL=''
PACKAGE_VERSION='2.0.2'
PATH_SEPARATOR=':'
RANLIB='ranlib'
SED='/usr/local/bin/gsed'
SET_MAKE=''
SHELL='/bin/sh'
STRIP='strip'
VERSION='2.0.2'
ac_ct_AR='ar'
ac_ct_CC=''
ac_ct_CXX=''
ac_ct_DUMPBIN='link -dump'
am__EXEEXT_FALSE=''
am__EXEEXT_TRUE='#'
am__fastdepCC_FALSE='#'
am__fastdepCC_TRUE=''
am__fastdepCXX_FALSE='#'
am__fastdepCXX_TRUE=''
am__include='include'
am__isrc=' -I$(srcdir)'
am__leading_dot='.'
am__nodep='_no'
am__quote=''
am__tar='tar --format=ustar -chf - "$$tardir"'
am__untar='tar -xf -'
bindir='${exec_prefix}/bin'
build='x86_64-apple-darwin20.4.0'
build_alias=''
build_cpu='x86_64'
build_os='darwin20.4.0'
build_vendor='apple'
datadir='${datarootdir}'
datarootdir='${prefix}/share'
docdir='${datarootdir}/doc/${PACKAGE_TARNAME}'
dvidir='${docdir}'
exec_prefix='${prefix}'
host='aarch64-apple-darwin'
host_alias='aarch64-apple-darwin'
host_cpu='aarch64'
host_os='darwin'
host_vendor='apple'
htmldir='${docdir}'
includedir='${prefix}/include'
infodir='${datarootdir}/info'
install_sh='${SHELL} /Users/sandslee/Developer/iOSAudioVideoLearn/FFmpeg-iOS编译笔记/fdk-aac-build-script-for-iOS/fdk-aac-2.0.2/install-sh'
libdir='${exec_prefix}/lib'
libexecdir='${exec_prefix}/libexec'
localedir='${datarootdir}/locale'
localstatedir='${prefix}/var'
mandir='${datarootdir}/man'
mkdir_p='$(MKDIR_P)'
oldincludedir='/usr/include'
pdfdir='${docdir}'
prefix='/Users/sandslee/Developer/iOSAudioVideoLearn/FFmpeg-iOS编译笔记/fdk-aac-build-script-for-iOS/thin/arm64'
program_transform_name='s,x,x,'
psdir='${docdir}'
runstatedir='${localstatedir}/run'
sbindir='${exec_prefix}/sbin'
sharedstatedir='${prefix}/com'
sysconfdir='${prefix}/etc'
target_alias=''

## ----------- ##
## confdefs.h. ##
## ----------- ##

/* confdefs.h */
#define PACKAGE_NAME "fdk-aac"
#define PACKAGE_TARNAME "fdk-aac"
#define PACKAGE_VERSION "2.0.2"
#define PACKAGE_STRING "fdk-aac 2.0.2"
#define PACKAGE_BUGREPORT "http://sourceforge.net/projects/opencore-amr/"
#define PACKAGE_URL ""
#define PACKAGE "fdk-aac"
#define VERSION "2.0.2"
#define STDC_HEADERS 1
#define HAVE_SYS_TYPES_H 1
#define HAVE_SYS_STAT_H 1
#define HAVE_STDLIB_H 1
#define HAVE_STRING_H 1
#define HAVE_MEMORY_H 1
#define HAVE_STRINGS_H 1
#define HAVE_INTTYPES_H 1
#define HAVE_STDINT_H 1
#define HAVE_UNISTD_H 1
#define HAVE_DLFCN_H 1
#define LT_OBJDIR ".libs/"

configure: exit 0
